model,idk,gdl,srl_args,coarse_first,thresh,P,R,F
bert,False,False,all,False,0.985,0.013392857142857142,0.05172413793103448,0.021276595744680847
bert,False,False,all,False,0.99,0.013953488372093023,0.05172413793103448,0.021978021978021976
bert,False,False,all,False,0.995,0.013953488372093023,0.034482758620689655,0.019867549668874173
bert,False,False,all,True,0.985,0.019417475728155338,0.05172413793103448,0.02823529411764706
bert,False,False,all,True,0.99,0.023166023166023165,0.06206896551724138,0.033739456419868794
bert,False,False,all,True,0.995,0.023166023166023165,0.05172413793103448,0.032
bert,False,False,['V'],False,0.985,0.020642201834862386,0.04433497536945813,0.028169014084507043
bert,False,False,['V'],False,0.99,0.01958650707290533,0.03879310344827586,0.026030368763557483
bert,False,False,['V'],False,0.995,0.01958650707290533,0.034482758620689655,0.02498265093684941
bert,False,False,['V'],True,0.985,0.019169329073482427,0.03103448275862069,0.023699802501645818
bert,False,False,['V'],True,0.99,0.018967334035827187,0.02821316614420063,0.022684310018903593
bert,False,False,['V'],True,0.995,0.018967334035827187,0.02586206896551724,0.02188449848024316
bert,False,False,"['V', 'ARG0', 'ARG1']",False,0.985,0.015530629853321829,0.023872679045092837,0.018818609513852586
bert,False,False,"['V', 'ARG0', 'ARG1']",False,0.99,0.013452914798206279,0.022167487684729065,0.01674418604651163
bert,False,False,"['V', 'ARG0', 'ARG1']",False,0.995,0.013452914798206279,0.020689655172413793,0.01630434782608696
bert,False,False,"['V', 'ARG0', 'ARG1']",True,0.985,0.012743125419181758,0.020474137931034482,0.015708970649028525
bert,False,False,"['V', 'ARG0', 'ARG1']",True,0.99,0.012368583797155226,0.02028397565922921,0.01536688436419516
bert,False,False,"['V', 'ARG0', 'ARG1']",True,0.995,0.012368583797155226,0.019157088122605363,0.01503194287861706
bert,False,False,"['V', 'ARG0', 'ARG1', 'ARG2']",False,0.985,0.01092896174863388,0.018148820326678767,0.013642564802182811
bert,False,False,"['V', 'ARG0', 'ARG1', 'ARG2']",False,0.99,0.009881422924901186,0.017241379310344827,0.01256281407035176
bert,False,False,"['V', 'ARG0', 'ARG1', 'ARG2']",False,0.995,0.009881422924901186,0.016420361247947456,0.012338062924120914
bert,False,False,"['V', 'ARG0', 'ARG1', 'ARG2']",True,0.985,0.01094391244870041,0.018808777429467086,0.013836840588065724
bert,False,False,"['V', 'ARG0', 'ARG1', 'ARG2']",True,0.99,0.011955593509820665,0.020989505247376312,0.015233949945593036
bert,False,False,"['V', 'ARG0', 'ARG1', 'ARG2']",True,0.995,0.011955593509820665,0.020114942528735632,0.014997321906802356
bert,False,False,"['V', 'ARG0']",False,0.985,0.011168727562824093,0.019310344827586208,0.014152135456153653
bert,False,False,"['V', 'ARG0']",False,0.99,0.010678871090770405,0.01856763925729443,0.013559322033898305
bert,False,False,"['V', 'ARG0']",False,0.995,0.010678871090770405,0.017879948914431672,0.013371537726838587
bert,False,False,"['V', 'ARG0']",True,0.985,0.010736764161421697,0.017857142857142856,0.013410404624277455
bert,False,False,"['V', 'ARG0']",True,0.99,0.01088139281828074,0.0178359096313912,0.013516557783284524
bert,False,False,"['V', 'ARG0']",True,0.995,0.01088139281828074,0.017241379310344827,0.013342228152101402
bert,False,False,"['V', 'ARG1']",False,0.985,0.010186757215619695,0.01668520578420467,0.01265022137887413
bert,False,False,"['V', 'ARG1']",False,0.99,0.009699321047526674,0.016163793103448277,0.01212366134572641
bert,False,False,"['V', 'ARG1']",False,0.995,0.009699321047526674,0.01567398119122257,0.011983223487118036
bert,False,False,"['V', 'ARG1']",True,0.985,0.009322560596643879,0.015212981744421906,0.011560693641618498
bert,False,False,"['V', 'ARG1']",True,0.99,0.009036144578313253,0.014778325123152709,0.011214953271028038
bert,False,False,"['V', 'ARG1']",True,0.995,0.009036144578313253,0.014367816091954023,0.011094674556213019
bert,True,False,all,False,0.985,0.009036144578313253,0.013979496738117428,0.010976948408342482
bert,True,False,all,False,0.99,0.009036144578313253,0.013611615245009074,0.010861694424330196
bert,True,False,all,False,0.995,0.009036144578313253,0.013262599469496022,0.010748835542816195
bert,True,False,all,True,0.985,0.009036144578313253,0.01293103448275862,0.010638297872340425
bert,True,False,all,True,0.99,0.009036144578313253,0.012615643397813289,0.010530010530010531
bert,True,False,all,True,0.995,0.009036144578313253,0.012315270935960592,0.010423905489923557
bert,True,False,['V'],False,0.985,0.009036144578313253,0.012028869286287089,0.010319917440660473
bert,True,False,['V'],False,0.99,0.009036144578313253,0.011755485893416929,0.010217983651226158
bert,True,False,['V'],False,0.995,0.009036144578313253,0.011494252873563218,0.01011804384485666
bert,True,False,['V'],True,0.985,0.009036144578313253,0.011244377811094454,0.01002004008016032
bert,True,False,['V'],True,0.99,0.009036144578313253,0.011005135730007337,0.00992391663910023
bert,True,False,['V'],True,0.995,0.009036144578313253,0.010775862068965518,0.00982961992136304
bert,True,False,"['V', 'ARG0', 'ARG1']",False,0.985,0.009036144578313253,0.01055594651653765,0.00973709834469328
bert,True,False,"['V', 'ARG0', 'ARG1']",False,0.99,0.009036144578313253,0.010344827586206896,0.009646302250803858
bert,True,False,"['V', 'ARG0', 'ARG1']",False,0.995,0.009036144578313253,0.010141987829614604,0.00955718381650207
bert,True,False,"['V', 'ARG0', 'ARG1']",True,0.985,0.009036144578313253,0.009946949602122016,0.009469696969696968
bert,True,False,"['V', 'ARG0', 'ARG1']",True,0.99,0.009036144578313253,0.009759271307742356,0.009383797309978105
bert,True,False,"['V', 'ARG0', 'ARG1']",True,0.995,0.009036144578313253,0.009578544061302681,0.009299442033477991
bert,True,False,"['V', 'ARG0', 'ARG1', 'ARG2']",False,0.985,0.009036144578313253,0.009404388714733543,0.009216589861751152
bert,True,False,"['V', 'ARG0', 'ARG1', 'ARG2']",False,0.99,0.009036144578313253,0.009236453201970444,0.009135200974421439
bert,True,False,"['V', 'ARG0', 'ARG1', 'ARG2']",False,0.995,0.009036144578313253,0.009074410163339383,0.009055236945366736
bert,True,False,"['V', 'ARG0', 'ARG1', 'ARG2']",True,0.985,0.009036144578313253,0.0089179548156956,0.00897666068222621
bert,True,False,"['V', 'ARG0', 'ARG1', 'ARG2']",True,0.99,0.009036144578313253,0.008766803039158387,0.008899436369029961
bert,True,False,"['V', 'ARG0', 'ARG1', 'ARG2']",True,0.995,0.009036144578313253,0.008620689655172414,0.008823529411764707
bert,True,False,"['V', 'ARG0']",False,0.985,0.009036144578313253,0.008479366873940079,0.008748906386701663
bert,True,False,"['V', 'ARG0']",False,0.99,0.009036144578313253,0.008342602892102336,0.008675534991324466
bert,True,False,"['V', 'ARG0']",False,0.995,0.009036144578313253,0.008210180623973728,0.008603383997705764
bert,True,False,"['V', 'ARG0']",True,0.985,0.009036144578313253,0.008081896551724138,0.008532423208191127
bert,True,False,"['V', 'ARG0']",True,0.99,0.009036144578313253,0.007957559681697613,0.008462623413258109
bert,True,False,"['V', 'ARG0']",True,0.995,0.009036144578313253,0.007836990595611285,0.00839395635142697
bert,True,False,"['V', 'ARG1']",False,0.985,0.009036144578313253,0.007720020586721565,0.008326394671107412
bert,True,False,"['V', 'ARG1']",False,0.99,0.009036144578313253,0.007606490872210953,0.00825991189427313
bert,True,False,"['V', 'ARG1']",False,0.995,0.009036144578313253,0.0074962518740629685,0.00819448238186288
bert,True,False,"['V', 'ARG1']",True,0.985,0.009036144578313253,0.007389162561576354,0.008130081300813009
bert,True,False,"['V', 'ARG1']",True,0.99,0.009036144578313253,0.007285089849441476,0.008066684592632429
bert,True,False,"['V', 'ARG1']",True,0.995,0.009036144578313253,0.007183908045977011,0.0080042689434365
bert,True,True,all,False,0.985,0.00845785170566676,0.007085498346717053,0.007711091119393393
bert,True,True,all,False,0.99,0.00794912559618442,0.006989748369058714,0.0074386312918423
bert,True,True,all,False,0.995,0.007498125468632842,0.006896551724137931,0.007184768291222608
bert,True,True,all,True,0.985,0.007332071901608325,0.007032667876588022,0.007179249652616952
bert,True,True,all,True,0.99,0.00718294051627385,0.007165248544558889,0.007174083622912229
bert,True,True,all,True,0.995,0.0070482699700982485,0.007294429708222812,0.0071692374538344554
bert,True,True,['V'],False,0.985,0.006722346710124261,0.007202095154954169,0.006953956379728164
bert,True,True,['V'],False,0.99,0.006425233644859813,0.007112068965517242,0.006751227495908347
bert,True,True,['V'],False,0.995,0.006153272422151781,0.0070242656449553,0.00655998409700825
bert,True,True,['V'],True,0.985,0.005903398926654741,0.006938603868797309,0.006379277015271603
bert,True,True,['V'],True,0.99,0.005673027333677153,0.006855006231823847,0.006208258865581789
bert,True,True,['V'],True,0.995,0.0054599602911978825,0.0067733990147783255,0.006046170758519604
bert,True,True,"['V', 'ARG0', 'ARG1']",False,0.985,0.0052623186094721735,0.006693711967545639,0.0058923310418712615
bert,True,True,"['V', 'ARG0', 'ARG1']",False,0.99,0.0050784856879039705,0.006615878107457899,0.005746125718265715
bert,True,True,"['V', 'ARG0', 'ARG1']",False,0.995,0.004907063197026022,0.006539833531510107,0.005607000254863648
bert,True,True,"['V', 'ARG0', 'ARG1']",True,0.985,0.004746835443037975,0.00646551724137931,0.005474452554744526
bert,True,True,"['V', 'ARG0', 'ARG1']",True,0.99,0.00459674049310489,0.006392870980240217,0.005348026902195933
bert,True,True,"['V', 'ARG0', 'ARG1']",True,0.995,0.004455846610856063,0.00632183908045977,0.005227308728021543
bert,True,True,"['V', 'ARG0', 'ARG1', 'ARG2']",False,0.985,0.00432333289663304,0.006252368321333838,0.005111920068158934
bert,True,True,"['V', 'ARG0', 'ARG1', 'ARG2']",False,0.99,0.004198473282442748,0.006184407796101949,0.005001515610791149
bert,True,True,"['V', 'ARG0', 'ARG1', 'ARG2']",False,0.995,0.004080623222455794,0.006117908787541713,0.004895779244863141
bert,True,True,"['V', 'ARG0', 'ARG1', 'ARG2']",True,0.985,0.004089487611258119,0.0062362435803374906,0.00493970652331832
bert,True,True,"['V', 'ARG0', 'ARG1', 'ARG2']",True,0.99,0.004097880810209577,0.006352087114337568,0.004981851825492848
bert,True,True,"['V', 'ARG0', 'ARG1', 'ARG2']",True,0.995,0.004105839416058394,0.00646551724137931,0.005022321428571428
bert,True,True,"['V', 'ARG0']",False,0.985,0.004002223457476375,0.006398862424457874,0.004924423774023664
bert,True,True,"['V', 'ARG0']",False,0.99,0.003903708523096942,0.0063335679099225895,0.004830269690057695
bert,True,True,"['V', 'ARG0']",False,0.995,0.003809926976399619,0.006269592476489028,0.004739648476071358
bert,True,True,"['V', 'ARG0']",True,0.985,0.003823894171145101,0.006379310344827587,0.004781597311966916
bert,True,True,"['V', 'ARG0']",True,0.99,0.003837221044128042,0.0064868555821099355,0.004822029059069856
bert,True,True,"['V', 'ARG0']",True,0.995,0.003751604304472307,0.006423258958755916,0.00473667809286382
bert,True,True,"['V', 'ARG1']",False,0.985,0.0036693704132869836,0.0063608972212922665,0.004654011022657686
bert,True,True,"['V', 'ARG1']",False,0.99,0.0,0.0,0.0
bert,True,True,"['V', 'ARG1']",False,0.995,0.0,0.0,0.0
bert,True,True,"['V', 'ARG1']",True,0.985,0.0014684287812041115,0.005747126436781609,0.002339181286549707
bert,True,True,"['V', 'ARG1']",True,0.99,0.0022026431718061676,0.008620689655172414,0.003508771929824562
bert,True,True,"['V', 'ARG1']",True,0.995,0.0026431718061674008,0.010344827586206896,0.004210526315789474
bert-l,False,False,all,False,0.985,0.01812688821752266,0.06896551724137931,0.02870813397129187
bert-l,False,False,all,False,0.99,0.029801324503311258,0.11083743842364532,0.04697286012526096
bert-l,False,False,all,False,0.995,0.03905325443786982,0.14224137931034483,0.06128133704735376
bert-l,False,False,all,True,0.985,0.041530054644808745,0.14559386973180077,0.06462585034013606
bert-l,False,False,all,True,0.99,0.04374364191251272,0.1482758620689655,0.06755695208169678
bert-l,False,False,all,True,0.995,0.04562920268972142,0.14890282131661442,0.06985294117647059
bert-l,False,False,['V'],False,0.985,0.05036908380373426,0.16666666666666666,0.07735911970656886
bert-l,False,False,['V'],False,0.99,0.0543004359889021,0.1816976127320955,0.08361306072627403
bert-l,False,False,['V'],False,0.995,0.05762217359591539,0.19458128078817735,0.08891389983117615
bert-l,False,False,['V'],True,0.985,0.05549845837615622,0.18620689655172415,0.0855106888361045
bert-l,False,False,['V'],True,0.99,0.053843658773921506,0.1788793103448276,0.08277237596609326
bert-l,False,False,['V'],True,0.995,0.052845528455284556,0.17139959432048682,0.08078393881453155
bert-l,False,False,"['V', 'ARG0', 'ARG1']",False,0.985,0.05382352941176471,0.1752873563218391,0.08235823582358236
bert-l,False,False,"['V', 'ARG0', 'ARG1']",False,0.99,0.0547070258261594,0.17876588021778583,0.08377631299170743
bert-l,False,False,"['V', 'ARG0', 'ARG1']",False,0.995,0.05559947299077734,0.18189655172413793,0.0851664984863774
bert-l,False,False,"['V', 'ARG0', 'ARG1']",True,0.985,0.05548517861667089,0.17980295566502463,0.08480154888673766
bert-l,False,False,"['V', 'ARG0', 'ARG1']",True,0.99,0.05544699560332193,0.1778996865203762,0.0845437616387337
bert-l,False,False,"['V', 'ARG0', 'ARG1']",True,0.995,0.05577972940897223,0.17616191904047976,0.08473048494681812
bert-l,False,False,"['V', 'ARG0', 'ARG1', 'ARG2']",False,0.985,0.05757026291931097,0.1824712643678161,0.08752584424534804
bert-l,False,False,"['V', 'ARG0', 'ARG1', 'ARG2']",False,0.99,0.05923193751356043,0.18827586206896552,0.09011388017824724
bert-l,False,False,"['V', 'ARG0', 'ARG1', 'ARG2']",False,0.995,0.060833333333333336,0.19363395225464192,0.09258084971464807
bert-l,False,False,"['V', 'ARG0', 'ARG1', 'ARG2']",True,0.985,0.061022428773489595,0.19284802043422733,0.09270913277052954
bert-l,False,False,"['V', 'ARG0', 'ARG1', 'ARG2']",True,0.99,0.06123650637880275,0.1921182266009852,0.09287096294091382
bert-l,False,False,"['V', 'ARG0', 'ARG1', 'ARG2']",True,0.995,0.06174496644295302,0.19143876337693222,0.09337393069450485
bert-l,False,False,"['V', 'ARG0']",False,0.985,0.06319086219602063,0.19712643678160918,0.09570312500000001
bert-l,False,False,"['V', 'ARG0']",False,0.99,0.06452756603439107,0.20244716351501668,0.09786261594300309
bert-l,False,False,"['V', 'ARG0']",False,0.995,0.06582321764404171,0.20743534482758622,0.09993510707332899
bert-l,False,False,"['V', 'ARG0']",True,0.985,0.06500415627597672,0.20428422152560083,0.09862529953335855
bert-l,False,False,"['V', 'ARG0']",True,0.99,0.06433317128504294,0.2013184584178499,0.09750706127962668
bert-l,False,False,"['V', 'ARG0']",True,0.995,0.06392766497461928,0.19852216748768473,0.09671226301895847
bert-l,False,False,"['V', 'ARG1']",False,0.985,0.06404546152664721,0.1997126436781609,0.09698802186300731
bert-l,False,False,"['V', 'ARG1']",False,0.99,0.06416555009676939,0.20083876980428705,0.09725826469592688
bert-l,False,False,"['V', 'ARG1']",False,0.995,0.06432494940734317,0.20190562613430127,0.09756632317474238
bert-l,False,False,"['V', 'ARG1']",True,0.985,0.06364922206506365,0.1989389920424403,0.0964423489069867
bert-l,False,False,"['V', 'ARG1']",True,0.99,0.06310679611650485,0.1961206896551724,0.09548793284365163
bert-l,False,False,"['V', 'ARG1']",True,0.995,0.06289308176100629,0.1934398654331371,0.0949236483697895
bert-l,True,False,all,False,0.985,0.062457569585879155,0.18883415435139572,0.09386797265585144
bert-l,True,False,all,False,0.99,0.06212857914640735,0.18444266238973536,0.09294807031723581
bert-l,True,False,all,False,0.995,0.06200296535921283,0.18025078369905956,0.0922675759703139
bert-l,True,False,all,True,0.985,0.06182795698924731,0.17624521072796934,0.09154228855721394
bert-l,True,False,all,True,0.99,0.06172011270629277,0.1724137931034483,0.09090010868491255
bert-l,True,False,all,True,0.995,0.061670465209813646,0.16874541452677916,0.09032891507118311
bert-l,True,False,['V'],False,0.985,0.06128430588862244,0.16522988505747127,0.08940719144800778
bert-l,True,False,['V'],False,0.99,0.06102414433536747,0.16185784658691063,0.0886319845857418
bert-l,True,False,['V'],False,0.995,0.0610079575596817,0.15862068965517243,0.08812260536398467
bert-l,True,False,['V'],True,0.985,0.06086266207991532,0.1555104800540906,0.08748573602130087
bert-l,True,False,['V'],True,0.99,0.06080634500991408,0.15251989389920426,0.08694830356299027
bert-l,True,False,['V'],True,0.995,0.06079830822098863,0.14964216005204944,0.08646616541353383
bert-l,True,False,"['V', 'ARG0', 'ARG1']",False,0.985,0.06042296072507553,0.14687100893997446,0.08562121917170779
bert-l,True,False,"['V', 'ARG0', 'ARG1']",False,0.99,0.06011500261369577,0.14420062695924765,0.08485519276886185
bert-l,True,False,"['V', 'ARG0', 'ARG1']",False,0.995,0.06002870938274827,0.1416256157635468,0.08431857758225644
bert-l,True,False,"['V', 'ARG0', 'ARG1']",True,0.985,0.059919239286179496,0.13914095583787053,0.0837658199034872
bert-l,True,False,"['V', 'ARG0', 'ARG1']",True,0.99,0.059825725061776566,0.1367419738406659,0.08323532072740432
bert-l,True,False,"['V', 'ARG0', 'ARG1']",True,0.995,0.059802392095683825,0.13442431326709525,0.08277847759582507
bert-l,True,False,"['V', 'ARG0', 'ARG1', 'ARG2']",False,0.985,0.059423847048184986,0.13218390804597702,0.08198912752874075
bert-l,True,False,"['V', 'ARG0', 'ARG1', 'ARG2']",False,0.99,0.05911836524868269,0.13001695873374788,0.08127926495273434
bert-l,True,False,"['V', 'ARG0', 'ARG1', 'ARG2']",False,0.995,0.0590197587888119,0.12791991101223582,0.08077260755048288
bert-l,True,False,"['V', 'ARG0', 'ARG1', 'ARG2']",True,0.985,0.05891393442622951,0.12588943623426382,0.08026522421915895
bert-l,True,False,"['V', 'ARG0', 'ARG1', 'ARG2']",True,0.99,0.05883105256426653,0.12392241379310345,0.07978492758650593
bert-l,True,False,"['V', 'ARG0', 'ARG1', 'ARG2']",True,0.995,0.05880848887752493,0.1220159151193634,0.07936507936507936
bert-l,True,False,"['V', 'ARG0']",False,0.985,0.05849440488301119,0.12016718913270637,0.07868628121792678
bert-l,True,False,"['V', 'ARG0']",False,0.99,0.05822784810126582,0.11837364899639732,0.07805871372815204
bert-l,True,False,"['V', 'ARG0']",False,0.995,0.058168942842690946,0.11663286004056796,0.07762402969962875
bert-l,True,False,"['V', 'ARG0']",True,0.985,0.05804416403785489,0.11494252873563218,0.07713591011989604
bert-l,True,False,"['V', 'ARG0']",True,0.99,0.05795640670278443,0.11330049261083744,0.07668583812619821
bert-l,True,False,"['V', 'ARG0']",True,0.995,0.05794180627283033,0.11170471102476931,0.07630422161400018
bert-l,True,False,"['V', 'ARG1']",False,0.985,0.05762966675018792,0.11015325670498084,0.07567034051653232
bert-l,True,False,"['V', 'ARG1']",False,0.99,0.05741387918122816,0.1086443079829948,0.07512657194185857
bert-l,True,False,"['V', 'ARG1']",False,0.995,0.05734945767360678,0.10717614165890028,0.0747177779582555
bert-l,True,False,"['V', 'ARG1']",True,0.985,0.05722104739395447,0.10574712643678161,0.0742594236822988
bert-l,True,False,"['V', 'ARG1']",True,0.99,0.05714285714285714,0.10435571687840291,0.07384812971584524
bert-l,True,False,"['V', 'ARG1']",True,0.995,0.057128663686040734,0.10300044782803404,0.0734941683975076
bert-l,True,True,all,False,0.985,0.05556226597415147,0.10167992926613616,0.07185815824416152
bert-l,True,True,all,False,0.99,0.05407947331295556,0.1003928415539066,0.07029339853300734
bert-l,True,True,all,False,0.995,0.0,0.0,0.0
bert-l,True,True,all,True,0.985,0.0,0.0,0.0
bert-l,True,True,all,True,0.99,0.0,0.0,0.0
bert-l,True,True,all,True,0.995,0.0,0.0,0.0
bert-l,True,True,['V'],False,0.985,0.0,0.0,0.0
bert-l,True,True,['V'],False,0.99,0.0,0.0,0.0
bert-l,True,True,['V'],False,0.995,0.0,0.0,0.0
bert-l,True,True,['V'],True,0.985,0.0,0.0,0.0
bert-l,True,True,['V'],True,0.99,0.0,0.0,0.0
bert-l,True,True,['V'],True,0.995,0.0,0.0,0.0
bert-l,True,True,"['V', 'ARG0', 'ARG1']",False,0.985,0.0,0.0,0.0
bert-l,True,True,"['V', 'ARG0', 'ARG1']",False,0.99,0.0,0.0,0.0
bert-l,True,True,"['V', 'ARG0', 'ARG1']",False,0.995,0.0,0.0,0.0
bert-l,True,True,"['V', 'ARG0', 'ARG1']",True,0.985,0.0,0.0,0.0
bert-l,True,True,"['V', 'ARG0', 'ARG1']",True,0.99,0.0,0.0,0.0
bert-l,True,True,"['V', 'ARG0', 'ARG1']",True,0.995,0.0,0.0,0.0
bert-l,True,True,"['V', 'ARG0', 'ARG1', 'ARG2']",False,0.985,0.0,0.0,0.0
bert-l,True,True,"['V', 'ARG0', 'ARG1', 'ARG2']",False,0.99,0.0,0.0,0.0
bert-l,True,True,"['V', 'ARG0', 'ARG1', 'ARG2']",False,0.995,0.0,0.0,0.0
bert-l,True,True,"['V', 'ARG0', 'ARG1', 'ARG2']",True,0.985,0.0,0.0,0.0
bert-l,True,True,"['V', 'ARG0', 'ARG1', 'ARG2']",True,0.99,0.0,0.0,0.0
bert-l,True,True,"['V', 'ARG0', 'ARG1', 'ARG2']",True,0.995,0.0,0.0,0.0
bert-l,True,True,"['V', 'ARG0']",False,0.985,0.0,0.0,0.0
bert-l,True,True,"['V', 'ARG0']",False,0.99,0.0,0.0,0.0
bert-l,True,True,"['V', 'ARG0']",False,0.995,0.0,0.0,0.0
bert-l,True,True,"['V', 'ARG0']",True,0.985,0.0001762114537444934,0.000689655172413793,0.00028070175438596495
bert-l,True,True,"['V', 'ARG0']",True,0.99,0.00033886818027787193,0.001326259946949602,0.0005398110661268557
bert-l,True,True,"['V', 'ARG0']",True,0.995,0.0004894762604013706,0.0019157088122605363,0.0007797270955165693
bert-l,True,True,"['V', 'ARG1']",False,0.985,0.0004719949653870359,0.0018472906403940886,0.0007518796992481203
bert-l,True,True,"['V', 'ARG1']",False,0.99,0.00045571927692541396,0.0017835909631391202,0.0007259528130671507
bert-l,True,True,"['V', 'ARG1']",False,0.995,0.0004405286343612335,0.0017241379310344827,0.0007017543859649122
bert-l,True,True,"['V', 'ARG1']",True,0.985,0.0005684240443370755,0.002224694104560623,0.0009054895302773062
bert-l,True,True,"['V', 'ARG1']",True,0.99,0.0006883259911894273,0.0026939655172413795,0.0010964912280701756
bert-l,True,True,"['V', 'ARG1']",True,0.995,0.0008009611533840609,0.003134796238244514,0.0012759170653907496
roberta,False,False,"['V', 'ARG0']",True,0.985,0.0009302325581395349,0.0035496957403651115,0.0014741497314941562
roberta,False,False,"['V', 'ARG0']",True,0.99,0.0010622759261718232,0.003940886699507389,0.001673465118711432
