model,idk,gdl,srl_args,coarse_first,thresh,P,R,F
bert,False,False,all,False,0.985,0.24553571428571427,0.9482758620689655,0.3900709219858156
bert,False,False,all,False,0.99,0.24651162790697675,0.9137931034482759,0.38827838827838834
bert,False,False,all,False,0.995,0.24651162790697675,0.6091954022988506,0.3509933774834437
bert,False,False,all,True,0.985,0.24110032362459546,0.6422413793103449,0.35058823529411764
bert,False,False,all,True,0.99,0.24324324324324326,0.6517241379310345,0.3542642924086223
bert,False,False,all,True,0.995,0.24324324324324326,0.5431034482758621,0.3360000000000001
bert,False,False,['V'],False,0.985,0.25229357798165136,0.541871921182266,0.3442879499217527
bert,False,False,['V'],False,0.99,0.2513601741022851,0.4978448275862069,0.33405639913232105
bert,False,False,['V'],False,0.995,0.2513601741022851,0.4425287356321839,0.3206106870229008
bert,False,False,['V'],True,0.985,0.25026624068157616,0.4051724137931034,0.3094140882159316
bert,False,False,['V'],True,0.99,0.2518440463645943,0.37460815047021945,0.3011972274732199
bert,False,False,['V'],True,0.995,0.2518440463645943,0.34339080459770116,0.2905775075987842
bert,False,False,"['V', 'ARG0', 'ARG1']",False,0.985,0.24762726488352027,0.3806366047745358,0.30005227391531625
bert,False,False,"['V', 'ARG0', 'ARG1']",False,0.99,0.2406576980568012,0.39655172413793105,0.29953488372093023
bert,False,False,"['V', 'ARG0', 'ARG1']",False,0.995,0.2406576980568012,0.3701149425287356,0.2916666666666667
bert,False,False,"['V', 'ARG0', 'ARG1']",True,0.985,0.2340710932260228,0.3760775862068966,0.2885489871847871
bert,False,False,"['V', 'ARG0', 'ARG1']",True,0.99,0.22758194186765615,0.37322515212981744,0.28275067230119094
bert,False,False,"['V', 'ARG0', 'ARG1']",True,0.995,0.22758194186765615,0.3524904214559387,0.27658774896655397
bert,False,False,"['V', 'ARG0', 'ARG1', 'ARG2']",False,0.985,0.2284153005464481,0.3793103448275862,0.28512960436562074
bert,False,False,"['V', 'ARG0', 'ARG1', 'ARG2']",False,0.99,0.22776679841897232,0.39741379310344827,0.289572864321608
bert,False,False,"['V', 'ARG0', 'ARG1', 'ARG2']",False,0.995,0.22776679841897232,0.3784893267651888,0.28439235040098704
bert,False,False,"['V', 'ARG0', 'ARG1', 'ARG2']",True,0.985,0.22663018695850434,0.3894984326018809,0.28653790717786104
bert,False,False,"['V', 'ARG0', 'ARG1', 'ARG2']",True,0.99,0.22587532023911186,0.39655172413793105,0.2878128400435256
bert,False,False,"['V', 'ARG0', 'ARG1', 'ARG2']",True,0.995,0.22587532023911186,0.3800287356321839,0.2833422603106588
bert,False,False,"['V', 'ARG0']",False,0.985,0.22736338252891902,0.3931034482758621,0.2880970432145565
bert,False,False,"['V', 'ARG0']",False,0.99,0.22616323417238748,0.393236074270557,0.2871670702179176
bert,False,False,"['V', 'ARG0']",False,0.995,0.22616323417238748,0.3786717752234994,0.2831900668576886
bert,False,False,"['V', 'ARG0']",True,0.985,0.2239911144020733,0.3725369458128079,0.2797687861271676
bert,False,False,"['V', 'ARG0']",True,0.99,0.22343126586869785,0.36623067776456597,0.2775399864834422
bert,False,False,"['V', 'ARG0']",True,0.995,0.22343126586869785,0.35402298850574715,0.27396041805648214
bert,False,False,"['V', 'ARG1']",False,0.985,0.22410865874363328,0.3670745272525028,0.2783048703352309
bert,False,False,"['V', 'ARG1']",False,0.99,0.22340769479469771,0.3723060344827586,0.27924833299656493
bert,False,False,"['V', 'ARG1']",False,0.995,0.22340769479469771,0.3610240334378265,0.2760135809866187
bert,False,False,"['V', 'ARG1']",True,0.985,0.22125543816034804,0.36105476673427994,0.274373795761079
bert,False,False,"['V', 'ARG1']",True,0.99,0.21987951807228914,0.35960591133004927,0.27289719626168224
bert,False,False,"['V', 'ARG1']",True,0.995,0.21987951807228914,0.3496168582375479,0.2699704142011834
bert,True,False,all,False,0.985,0.21987951807228914,0.3401677539608574,0.26710574460300035
bert,True,False,all,False,0.99,0.21987951807228914,0.3312159709618875,0.2643012309920348
bert,True,False,all,False,0.995,0.21987951807228914,0.32272325375773653,0.2615549982085274
bert,True,False,all,True,0.985,0.21987951807228914,0.3146551724137931,0.2588652482269503
bert,True,False,all,True,0.99,0.21987951807228914,0.3069806560134567,0.25623025623025625
bert,True,False,all,True,0.995,0.21987951807228914,0.2996715927750411,0.25364836692147325
bert,True,False,['V'],False,0.985,0.21987951807228914,0.29270248596631915,0.2511179910560715
bert,True,False,['V'],False,0.99,0.21987951807228914,0.28605015673981193,0.24863760217983652
bert,True,False,['V'],False,0.995,0.21987951807228914,0.2796934865900383,0.2462057335581787
bert,True,False,['V'],True,0.985,0.21987951807228914,0.27361319340329837,0.24382097528390115
bert,True,False,['V'],True,0.99,0.21987951807228914,0.2677916360968452,0.24148197155143897
bert,True,False,['V'],True,0.995,0.21987951807228914,0.26221264367816094,0.23918741808650062
bert,True,False,"['V', 'ARG0', 'ARG1']",False,0.985,0.21987951807228914,0.2568613652357495,0.23693605972086984
bert,True,False,"['V', 'ARG0', 'ARG1']",False,0.99,0.21987951807228914,0.2517241379310345,0.23472668810289388
bert,True,False,"['V', 'ARG0', 'ARG1']",False,0.995,0.21987951807228914,0.24678837052062205,0.23255813953488372
bert,True,False,"['V', 'ARG0', 'ARG1']",True,0.985,0.21987951807228914,0.24204244031830238,0.23042929292929293
bert,True,False,"['V', 'ARG0', 'ARG1']",True,0.99,0.21987951807228914,0.23747560182173064,0.22833906787613384
bert,True,False,"['V', 'ARG0', 'ARG1']",True,0.995,0.21987951807228914,0.2330779054916986,0.22628642281463113
bert,True,False,"['V', 'ARG0', 'ARG1', 'ARG2']",False,0.985,0.21987951807228914,0.22884012539184953,0.22427035330261136
bert,True,False,"['V', 'ARG0', 'ARG1', 'ARG2']",False,0.99,0.21987951807228914,0.22475369458128078,0.22228989037758828
bert,True,False,"['V', 'ARG0', 'ARG1', 'ARG2']",False,0.995,0.21987951807228914,0.220810647307925,0.22034409900392393
bert,True,False,"['V', 'ARG0', 'ARG1', 'ARG2']",True,0.985,0.21987951807228914,0.2170035671819263,0.21843207660083783
bert,True,False,"['V', 'ARG0', 'ARG1', 'ARG2']",True,0.99,0.21987951807228914,0.21332554061952075,0.2165529516463957
bert,True,False,"['V', 'ARG0', 'ARG1', 'ARG2']",True,0.995,0.21987951807228914,0.20977011494252873,0.21470588235294116
bert,True,False,"['V', 'ARG0']",False,0.985,0.21987951807228914,0.2063312605992086,0.21289005540974043
bert,True,False,"['V', 'ARG0']",False,0.99,0.21987951807228914,0.20300333704115683,0.2111046847888953
bert,True,False,"['V', 'ARG0']",False,0.995,0.21987951807228914,0.19978106185002736,0.20934901061084024
bert,True,False,"['V', 'ARG0']",True,0.985,0.21987951807228914,0.1966594827586207,0.20762229806598406
bert,True,False,"['V', 'ARG0']",True,0.99,0.21987951807228914,0.19363395225464192,0.20592383638928066
bert,True,False,"['V', 'ARG0']",True,0.995,0.21987951807228914,0.19070010449320793,0.20425293788472298
bert,True,False,"['V', 'ARG1']",False,0.985,0.21987951807228914,0.1878538342768914,0.202608936996947
bert,True,False,"['V', 'ARG1']",False,0.99,0.21987951807228914,0.18509127789046653,0.20099118942731278
bert,True,False,"['V', 'ARG1']",False,0.995,0.21987951807228914,0.18240879560219891,0.19939907129199674
bert,True,False,"['V', 'ARG1']",True,0.985,0.21987951807228914,0.17980295566502463,0.19783197831978316
bert,True,False,"['V', 'ARG1']",True,0.99,0.21987951807228914,0.17727051966974258,0.19628932508738908
bert,True,False,"['V', 'ARG1']",True,0.995,0.21987951807228914,0.17480842911877395,0.19477054429028814
bert,True,True,all,False,0.985,0.22131378629828025,0.18540387340576286,0.20177355095746047
bert,True,True,all,False,0.99,0.22257551669316375,0.195712954333644,0.2082816761715844
bert,True,True,all,False,0.995,0.22369407648087977,0.2057471264367816,0.21434558735480777
bert,True,True,all,True,0.985,0.22469252601702933,0.21551724137931033,0.22000926354793884
bert,True,True,all,True,0.99,0.2255892255892256,0.2250335871025526,0.22531106378208723
bert,True,True,all,True,0.995,0.22639897479709525,0.23430592396109637,0.23028459700195525
bert,True,True,['V'],False,0.985,0.2271338358117743,0.24334351811436053,0.23495943525445157
bert,True,True,['V'],False,0.99,0.22780373831775702,0.2521551724137931,0.2393617021276596
bert,True,True,['V'],False,0.995,0.22841693082230094,0.2607492550021286,0.2435145611768214
bert,True,True,['V'],True,0.985,0.22898032200357782,0.2691337258200168,0.2474386236226561
bert,True,True,['V'],True,0.99,0.2294997421351212,0.2773161611965102,0.2511522904712633
bert,True,True,['V'],True,0.995,0.2299801455989411,0.28530377668308704,0.25467204104067426
bert,True,True,"['V', 'ARG0', 'ARG1']",False,0.985,0.2304257694147664,0.29310344827586204,0.25801267743951434
bert,True,True,"['V', 'ARG0', 'ARG1']",False,0.99,0.23084025854108955,0.30072173215717724,0.2611875326484416
bert,True,True,"['V', 'ARG0', 'ARG1']",False,0.995,0.2312267657992565,0.30816488307570356,0.26420864837312036
bert,True,True,"['V', 'ARG0', 'ARG1']",True,0.985,0.23158803222094362,0.31543887147335425,0.2670869276708693
bert,True,True,"['V', 'ARG0', 'ARG1']",True,0.99,0.23192645215211033,0.3225493994575746,0.26983226642897656
bert,True,True,"['V', 'ARG0', 'ARG1']",True,0.995,0.23224412638401296,0.32950191570881227,0.2724536670362743
bert,True,True,"['V', 'ARG0', 'ARG1', 'ARG2']",False,0.985,0.2325429058037469,0.3363016294050777,0.27495933699945785
bert,True,True,"['V', 'ARG0', 'ARG1', 'ARG2']",False,0.99,0.23282442748091603,0.3429535232383808,0.27735677478023646
bert,True,True,"['V', 'ARG0', 'ARG1', 'ARG2']",False,0.995,0.23309014467664152,0.34946236559139787,0.2796528447444552
bert,True,True,"['V', 'ARG0', 'ARG1', 'ARG2']",True,0.985,0.23334135193649266,0.3558327219369039,0.28185384280110415
bert,True,True,"['V', 'ARG0', 'ARG1', 'ARG2']",True,0.99,0.23357920618194591,0.3620689655172414,0.2839655540530923
bert,True,True,"['V', 'ARG0', 'ARG1', 'ARG2']",True,0.995,0.23380474452554745,0.3681752873563218,0.28599330357142855
bert,True,True,"['V', 'ARG0']",False,0.985,0.2340188993885492,0.3741557056523285,0.28794200123110597
bert,True,True,"['V', 'ARG0']",False,0.99,0.2342225113858165,0.3800140745953554,0.2898161814034617
bert,True,True,"['V', 'ARG0']",False,0.995,0.23441634035347655,0.38575409265064436,0.2916200381805016
bert,True,True,"['V', 'ARG0']",True,0.985,0.23460107482430756,0.3913793103448276,0.29335745670715946
bert,True,True,"['V', 'ARG0']",True,0.99,0.2347773401999394,0.396893137589621,0.2950320411141425
bert,True,True,"['V', 'ARG0']",True,0.995,0.23487017474577945,0.40212981744421905,0.29654097849797445
bert,True,True,"['V', 'ARG1']",False,0.985,0.23503283120896099,0.4074322062269836,0.29810165339865274
bert,True,True,"['V', 'ARG1']",False,0.99,0.2422907488986784,0.9482758620689655,0.38596491228070173
bert,True,True,"['V', 'ARG1']",False,0.995,0.2422907488986784,0.9482758620689655,0.38596491228070173
bert,True,True,"['V', 'ARG1']",True,0.985,0.2422907488986784,0.9482758620689655,0.38596491228070173
bert,True,True,"['V', 'ARG1']",True,0.99,0.2422907488986784,0.9482758620689655,0.38596491228070173
bert,True,True,"['V', 'ARG1']",True,0.995,0.2422907488986784,0.9482758620689655,0.38596491228070173
bert-l,False,False,all,False,0.985,0.24546827794561935,0.9339080459770115,0.388755980861244
bert-l,False,False,all,False,0.99,0.24834437086092714,0.9236453201970444,0.3914405010438413
bert-l,False,False,all,False,0.995,0.25088757396449707,0.9137931034482759,0.3936861652739091
bert-l,False,False,all,True,0.985,0.25136612021857924,0.8812260536398467,0.391156462585034
bert-l,False,False,all,True,0.99,0.2517802644964395,0.853448275862069,0.38884524744697563
bert-l,False,False,all,True,0.995,0.2521613832853026,0.822884012539185,0.38602941176470584
bert-l,False,False,['V'],False,0.985,0.25141120277898393,0.8318965517241379,0.3861287095698566
bert-l,False,False,['V'],False,0.99,0.25089179548156954,0.8395225464190982,0.3863289594140982
bert-l,False,False,['V'],False,0.995,0.25054704595185995,0.8460591133004927,0.3866066404051773
bert-l,False,False,['V'],True,0.985,0.25008564576909903,0.8390804597701149,0.3853259435207179
bert-l,False,False,['V'],True,0.99,0.25040544923775543,0.8318965517241379,0.38494141111942154
bert-l,False,False,['V'],True,0.995,0.2507817385866166,0.8133874239350912,0.38336520076481834
bert-l,False,False,"['V', 'ARG0', 'ARG1']",False,0.985,0.2514705882352941,0.8189655172413793,0.38478847884788475
bert-l,False,False,"['V', 'ARG0', 'ARG1']",False,0.99,0.2521521799500139,0.8239564428312159,0.38613650861152454
bert-l,False,False,"['V', 'ARG0', 'ARG1']",False,0.995,0.25270092226613966,0.8267241379310345,0.3870837537840565
bert-l,False,False,"['V', 'ARG0', 'ARG1']",True,0.985,0.25259690904484416,0.8185550082101807,0.38606001936108425
bert-l,False,False,"['V', 'ARG0', 'ARG1']",True,0.99,0.25232046897899363,0.8095611285266457,0.3847299813780261
bert-l,False,False,"['V', 'ARG0', 'ARG1']",True,0.995,0.25255162591977215,0.7976011994002998,0.3836307914187849
bert-l,False,False,"['V', 'ARG0', 'ARG1', 'ARG2']",False,0.985,0.25294650951949227,0.8017241379310345,0.3845623707787732
bert-l,False,False,"['V', 'ARG0', 'ARG1', 'ARG2']",False,0.99,0.25341722716424386,0.8055172413793104,0.3855421686746988
bert-l,False,False,"['V', 'ARG0', 'ARG1', 'ARG2']",False,0.995,0.25395833333333334,0.8083554376657824,0.3864933417882055
bert-l,False,False,"['V', 'ARG0', 'ARG1', 'ARG2']",True,0.985,0.2537886441705395,0.8020434227330779,0.38557175748273215
bert-l,False,False,"['V', 'ARG0', 'ARG1', 'ARG2']",True,0.99,0.25377821393523065,0.7961822660098522,0.3848787021878256
bert-l,False,False,"['V', 'ARG0', 'ARG1', 'ARG2']",True,0.995,0.2538830297219559,0.7871581450653984,0.3839350442221256
bert-l,False,False,"['V', 'ARG0']",False,0.985,0.25386882829771557,0.7919540229885057,0.3844866071428571
bert-l,False,False,"['V', 'ARG0']",False,0.99,0.2538556993440879,0.796440489432703,0.38499798359994614
bert-l,False,False,"['V', 'ARG0']",False,0.995,0.25371858437339717,0.7995689655172413,0.3852044127190136
bert-l,False,False,"['V', 'ARG0']",True,0.985,0.2540315876974231,0.7983281086729362,0.38542060789506877
bert-l,False,False,"['V', 'ARG0']",True,0.99,0.2544158159131421,0.7961460446247465,0.38560727004789386
bert-l,False,False,"['V', 'ARG0']",True,0.995,0.2546002538071066,0.7906403940886699,0.3851691864650828
bert-l,False,False,"['V', 'ARG1']",False,0.985,0.2547995699585317,0.7945402298850575,0.38585882079311545
bert-l,False,False,"['V', 'ARG1']",False,0.99,0.2550245645377401,0.7982292637465052,0.38655082929030804
bert-l,False,False,"['V', 'ARG1']",False,0.995,0.2552760913558832,0.8012704174228675,0.38719579039684277
bert-l,False,False,"['V', 'ARG1']",True,0.985,0.25516265912305514,0.7975243147656941,0.38662666095156445
bert-l,False,False,"['V', 'ARG1']",True,0.99,0.2550624133148405,0.7926724137931035,0.38593913955928644
bert-l,False,False,"['V', 'ARG1']",True,0.995,0.2552638774952147,0.7851135407905803,0.38526619892695
bert-l,True,False,all,False,0.985,0.25403937542430416,0.7680623973727422,0.3817977757371697
bert-l,True,False,all,False,0.99,0.2532414910858995,0.751804330392943,0.37886441705395024
bert-l,True,False,all,False,0.995,0.2527294783663567,0.734717868338558,0.37609066292247517
bert-l,True,False,all,True,0.985,0.25201612903225806,0.7183908045977011,0.3731343283582089
bert-l,True,False,all,True,0.99,0.2515765463571716,0.7027736131934033,0.37051674735698054
bert-l,True,False,all,True,0.995,0.2513741788443491,0.6878209831254586,0.36818851251840945
bert-l,True,False,['V'],False,0.985,0.2509992006394884,0.6767241379310345,0.36618075801749267
bert-l,True,False,['V'],False,0.99,0.25099495887503315,0.6657283603096411,0.3645472061657033
bert-l,True,False,['V'],False,0.995,0.2509283819628647,0.6524137931034483,0.3624521072796935
bert-l,True,False,['V'],True,0.985,0.25072770574225983,0.6406355645706558,0.36040319513122854
bert-l,True,False,['V'],True,0.99,0.2508922670191672,0.6293103448275862,0.3587562612229468
bert-l,True,False,['V'],True,0.995,0.2508591065292096,0.6174365647364997,0.35676691729323307
bert-l,True,False,"['V', 'ARG0', 'ARG1']",False,0.985,0.2502298699592802,0.6082375478927203,0.35458352722196373
bert-l,True,False,"['V', 'ARG0', 'ARG1']",False,0.99,0.24986931521170935,0.5993730407523511,0.3527024534218779
bert-l,True,False,"['V', 'ARG0', 'ARG1']",False,0.995,0.2495106355213363,0.5886699507389163,0.35047200073320506
bert-l,True,False,"['V', 'ARG0', 'ARG1']",True,0.985,0.249185879901003,0.5786448880822747,0.34835655103341523
bert-l,True,False,"['V', 'ARG0', 'ARG1']",True,0.99,0.24892703862660945,0.5689655172413793,0.34633131276576495
bert-l,True,False,"['V', 'ARG0', 'ARG1']",True,0.995,0.24882995319812792,0.559322033898305,0.3444304480834983
bert-l,True,False,"['V', 'ARG0', 'ARG1', 'ARG2']",False,0.985,0.24790078801188478,0.5514367816091954,0.3420372515818555
bert-l,True,False,"['V', 'ARG0', 'ARG1', 'ARG2']",False,0.99,0.2472689885618815,0.5438100621820238,0.3399593603675236
bert-l,True,False,"['V', 'ARG0', 'ARG1', 'ARG2']",False,0.995,0.2468565563253785,0.5350389321468298,0.33784021071115017
bert-l,True,False,"['V', 'ARG0', 'ARG1', 'ARG2']",True,0.985,0.2465420081967213,0.5268199233716475,0.33589251439539347
bert-l,True,False,"['V', 'ARG0', 'ARG1', 'ARG2']",True,0.99,0.24632305921473335,0.5188577586206896,0.3340560228948053
bert-l,True,False,"['V', 'ARG0', 'ARG1', 'ARG2']",True,0.995,0.2462285860393761,0.5108753315649868,0.3322981366459627
bert-l,True,False,"['V', 'ARG0']",False,0.985,0.245676500508647,0.5047021943573667,0.33048238111529255
bert-l,True,False,"['V', 'ARG0']",False,0.99,0.24531645569620253,0.49871332990221307,0.32886475479382316
bert-l,True,False,"['V', 'ARG0']",False,0.995,0.24519473950429943,0.49163286004056794,0.3272021599730003
bert-l,True,False,"['V', 'ARG0']",True,0.985,0.2449211356466877,0.48500749625187406,0.3254800033537352
bert-l,True,False,"['V', 'ARG0']",True,0.99,0.24480282222502206,0.4785714285714286,0.32391431191131115
bert-l,True,False,"['V', 'ARG0']",True,0.995,0.24486711172691775,0.4720738222438077,0.32246827569047026
bert-l,True,False,"['V', 'ARG1']",False,0.985,0.24480080180405914,0.467911877394636,0.32143444645500907
bert-l,True,False,"['V', 'ARG1']",False,0.99,0.24475786320519222,0.4631554085970713,0.3202678425608362
bert-l,True,False,"['V', 'ARG1']",False,0.995,0.24448323151726717,0.45689655172413796,0.31852513603508487
bert-l,True,False,"['V', 'ARG1']",True,0.985,0.24418460007463616,0.45126436781609197,0.316894018887723
bert-l,True,False,"['V', 'ARG1']",True,0.99,0.24409937888198757,0.44578039927404717,0.3154599454165998
bert-l,True,False,"['V', 'ARG1']",True,0.995,0.2440387481371088,0.4399910434393193,0.31394791500239655
bert-l,True,True,all,False,0.985,0.2439908201473608,0.4465075154730327,0.3155510427243614
bert-l,True,True,all,False,0.99,0.24394545027039738,0.45285901353120905,0.31708435207823965
bert-l,True,True,all,False,0.995,0.2422907488986784,0.9482758620689655,0.38596491228070173
bert-l,True,True,all,True,0.985,0.2422907488986784,0.9482758620689655,0.38596491228070173
bert-l,True,True,all,True,0.99,0.2422907488986784,0.9482758620689655,0.38596491228070173
bert-l,True,True,all,True,0.995,0.2422907488986784,0.9482758620689655,0.38596491228070173
bert-l,True,True,['V'],False,0.985,0.2422907488986784,0.9482758620689655,0.38596491228070173
bert-l,True,True,['V'],False,0.99,0.2422907488986784,0.9482758620689655,0.38596491228070173
bert-l,True,True,['V'],False,0.995,0.2422907488986784,0.9482758620689655,0.38596491228070173
bert-l,True,True,['V'],True,0.985,0.2422907488986784,0.9482758620689655,0.38596491228070173
bert-l,True,True,['V'],True,0.99,0.2422907488986784,0.9482758620689655,0.38596491228070173
bert-l,True,True,['V'],True,0.995,0.2422907488986784,0.9482758620689655,0.38596491228070173
bert-l,True,True,"['V', 'ARG0', 'ARG1']",False,0.985,0.2422907488986784,0.9482758620689655,0.38596491228070173
bert-l,True,True,"['V', 'ARG0', 'ARG1']",False,0.99,0.2422907488986784,0.9482758620689655,0.38596491228070173
bert-l,True,True,"['V', 'ARG0', 'ARG1']",False,0.995,0.2422907488986784,0.9482758620689655,0.38596491228070173
bert-l,True,True,"['V', 'ARG0', 'ARG1']",True,0.985,0.2422907488986784,0.9482758620689655,0.38596491228070173
bert-l,True,True,"['V', 'ARG0', 'ARG1']",True,0.99,0.2422907488986784,0.9482758620689655,0.38596491228070173
bert-l,True,True,"['V', 'ARG0', 'ARG1']",True,0.995,0.2422907488986784,0.9482758620689655,0.38596491228070173
bert-l,True,True,"['V', 'ARG0', 'ARG1', 'ARG2']",False,0.985,0.2422907488986784,0.9482758620689655,0.38596491228070173
bert-l,True,True,"['V', 'ARG0', 'ARG1', 'ARG2']",False,0.99,0.2422907488986784,0.9482758620689655,0.38596491228070173
bert-l,True,True,"['V', 'ARG0', 'ARG1', 'ARG2']",False,0.995,0.2422907488986784,0.9482758620689655,0.38596491228070173
bert-l,True,True,"['V', 'ARG0', 'ARG1', 'ARG2']",True,0.985,0.2422907488986784,0.9482758620689655,0.38596491228070173
bert-l,True,True,"['V', 'ARG0', 'ARG1', 'ARG2']",True,0.99,0.2422907488986784,0.9482758620689655,0.38596491228070173
bert-l,True,True,"['V', 'ARG0', 'ARG1', 'ARG2']",True,0.995,0.2422907488986784,0.9482758620689655,0.38596491228070173
bert-l,True,True,"['V', 'ARG0']",False,0.985,0.2422907488986784,0.9482758620689655,0.38596491228070173
bert-l,True,True,"['V', 'ARG0']",False,0.99,0.2422907488986784,0.9482758620689655,0.38596491228070173
bert-l,True,True,"['V', 'ARG0']",False,0.995,0.2422907488986784,0.9482758620689655,0.38596491228070173
bert-l,True,True,"['V', 'ARG0']",True,0.985,0.2422907488986784,0.9482758620689655,0.38596491228070173
bert-l,True,True,"['V', 'ARG0']",True,0.99,0.2422907488986784,0.9482758620689655,0.38596491228070173
bert-l,True,True,"['V', 'ARG0']",True,0.995,0.2422907488986784,0.9482758620689655,0.38596491228070173
bert-l,True,True,"['V', 'ARG1']",False,0.985,0.2422907488986784,0.9482758620689655,0.38596491228070173
bert-l,True,True,"['V', 'ARG1']",False,0.99,0.2422907488986784,0.9482758620689655,0.38596491228070173
bert-l,True,True,"['V', 'ARG1']",False,0.995,0.2422907488986784,0.9482758620689655,0.38596491228070173
bert-l,True,True,"['V', 'ARG1']",True,0.985,0.2422907488986784,0.9482758620689655,0.38596491228070173
bert-l,True,True,"['V', 'ARG1']",True,0.99,0.2422907488986784,0.9482758620689655,0.38596491228070173
bert-l,True,True,"['V', 'ARG1']",True,0.995,0.2422907488986784,0.9482758620689655,0.38596491228070173
roberta,False,False,"['V', 'ARG0']",True,0.985,0.2423920265780731,0.9249492900608519,0.3841213014636201
roberta,False,False,"['V', 'ARG0']",True,0.99,0.24233169565794715,0.8990147783251231,0.3817592302060454
