Rudolph Giuliani will wed his companion, Judith Nathan, on May 24 in the ex-mayor's old home, Gracie Mansion
[[[3, 4], 'Marry', 'wed']]
[]

His successor, Mayor Michael Bloomberg, will perform the ceremony
[]
[[(6, 7), 'Meet', 'perform', 0.9994282126426697, None]]

The Giuliani-Nathan nuptials will be a first for Bloomberg, who is making an exception from his policy of not performing weddings, said Bloomberg spokesman Ed Skyler
[]
[[(11, 12), 'Transport', 'making', 0.9996284246444702, None], [(19, 20), 'Transfer-Money', 'performing', 0.9995705485343933, None]]

Giuliani, 58, proposed to Nathan, a former nurse, during a November business trip to Paris	_  five months after he finalized his divorce from Donna Hanover after 20 years of marriage
[]
[[(2, 3), 'Attack', 'proposed', 0.9995558857917786, None], [(20, 21), 'Transfer-Ownership', 'finalized', 0.9995417594909668, None]]

During the legal proceedings leading up to the divorce, a judge ruled that Nathan could not visit Gracie Mansion, the official mayoral residence, as long as Giuliani's children lived there
[]
[[(4, 5), 'Attack', 'leading', 0.9996080994606018, None], [(11, 12), 'Trial-Hearing', 'ruled', 0.9994990825653076, None], [(16, 17), 'Trial-Hearing', 'visit', 0.9995545744895935, None], [(28, 29), 'Demonstrate', 'lived', 0.999284565448761, None]]

The divorce settlement called for Giuliani to pay Hanover more than $6.8 million
[[[7, 8], 'Transfer-Money', 'pay']]
[[(3, 4), 'Declare-Bankruptcy', 'called', 0.9995593428611755, None], [(7, 8), 'Divorce', 'pay', 0.9995332956314087, None]]

In interviews last year, Giuliani said Nathan gave him ``tremendous emotional support'' through his treatment for prostate cancer and as he led the city during the aftermath of the Sept. 11 terrorist attack on the World Trade Center
[]
[[(7, 8), 'Transport', 'gave', 0.9995672106742859, None], [(21, 22), 'Transfer-Money', 'led', 0.9994764924049377, None]]

Last month, she and her fiance  _  an old high school sweetheart  _  invited the press along as they went shopping for wedding bands, saying they are planning a wedding in the New York City area this summer
[]
[[(13, 14), 'Transport', 'invited', 0.9995356798171997, None], [(19, 20), 'Nominate', 'went', 0.99958735704422, None], [(20, 21), 'Demonstrate', 'shopping', 0.9996127486228943, None], [(24, 25), 'Transport', 'saying', 0.9994687438011169, None], [(27, 28), 'Attack', 'planning', 0.9994262456893921, None]]

Giuliani's first marriage to his second cousin, Regina Peruggi, lasted about 14 years
[]
[[(9, 10), 'Attack', 'lasted', 0.9995434880256653, None]]

It was annulled by the Catholic Church because the couple had not obtained a church dispensation required when second cousins marry
[[[20, 21], 'Marry', 'marry']]
[[(2, 3), 'Transport', 'annulled', 0.9996040463447571, None], [(12, 13), 'Transfer-Money', 'obtained', 0.9996215105056763, None], [(16, 17), 'Transport', 'required', 0.9996065497398376, None], [(20, 21), 'Transport', 'marry', 0.999599039554596, None]]

Nathan divorced wallpaper salesman Bruce Nathan in 1992
[[[1, 2], 'Divorce', 'divorced']]
[[(1, 2), 'Attack', 'divorced', 0.9996250867843628, None]]

Giuliani regularly officiated at weddings while in office
[]
[[(2, 3), 'Transfer-Money', 'officiated', 0.9995124340057373, None]]

US President George W. Bush told Canadian Prime Minister Jean Chretien by telephone Monday that he looked forward to seeing him at the upcoming summit of major industrialized nations and Russia, the White House said Tuesday
[[[5, 6], 'Phone-Write', 'told']]
[[(5, 6), 'Pardon', 'told', 0.9995654225349426, None], [(16, 17), 'Transfer-Money', 'looked', 0.9994223117828369, None], [(19, 20), 'Transfer-Money', 'seeing', 0.9993494153022766, None], [(27, 28), 'Meet', 'industrialized', 0.9995988011360168, None]]

The two leaders discussed the upcoming G-8 meeting, US-Canada (relations) and other international issues of concern," Bush spokesman Ari Fleischer said days before the June 1-3 summit, to be held in France
[[[3, 4], 'Phone-Write', 'discussed']]
[[(3, 4), 'Declare-Bankruptcy', 'discussed', 0.9995625615119934, None], [(29, 30), 'Declare-Bankruptcy', 'held', 0.9995766282081604, None]]

On Monday, Chretien told reporters that he and Bush, who had not spoken since late February, discussed a wide range of issues, including Iraq, the upcoming summit of the Group of Eight industrial powers and aid to Africa
[[[16, 17], 'Phone-Write', 'discussed']]
[[(3, 4), 'Meet', 'told', 0.9993196725845337, None], [(12, 13), 'Merge-Org', 'spoken', 0.9996097683906555, None], [(16, 17), 'Elect', 'discussed', 0.9995279312133789, None], [(22, 23), 'Phone-Write', 'including', 0.9995692372322083, None]]

Amid a chill in relations over the war in Iraq, which Canada opposed, Bush indefinitely postponed a visit to Canada, instead choosing to host Australian Prime Minster John Howard, who endorsed that military campaign
[]
[[(12, 13), 'Nominate', 'opposed', 0.9996128678321838, None], [(15, 16), 'Arrest-Jail', 'postponed', 0.9994851350784302, None], [(21, 22), 'Meet', 'choosing', 0.9996296167373657, None], [(23, 24), 'Transfer-Money', 'host', 0.9996017813682556, None], [(30, 31), 'Meet', 'endorsed', 0.9996176958084106, None]]

Ocalan was moved by the government to its embassy compound in Kenya, where he was captured by Turkish commandos
[[[2, 3], 'Transport', 'moved']]
[[(2, 3), 'Injure', 'moved', 0.9995461106300354, None], [(15, 16), 'Injure', 'captured', 0.9996558427810669, None]]

Naxakis and two of Ocalan's Kurdish associates are being tried on criminal charges of endangering national security
[[[9, 10], 'Trial-Hearing', 'tried']]
[[(9, 10), 'Merge-Org', 'tried', 0.9996510744094849, None], [(14, 15), 'Transfer-Money', 'endangering', 0.9994148015975952, None]]

The retired Greek officer said he had been trying to get Ocalan to The Netherlands, home to a large Kurdish community
[[[10, 11], 'Transport', 'get']]
[[(8, 9), 'Divorce', 'trying', 0.9995599389076233, None], [(10, 11), 'Meet', 'get', 0.9994388222694397, None]]

Ocalan, being tried in absentia, was indicted for entering the country illegally, a misdemeanor
[[[2, 3], 'Trial-Hearing', 'tried'], [[6, 7], 'Charge-Indict', 'indicted'], [[8, 9], 'Transport', 'entering']]
[[(2, 3), 'Transfer-Money', 'tried', 0.999618411064148, None], [(6, 7), 'Nominate', 'indicted', 0.9995471835136414, None], [(8, 9), 'Nominate', 'entering', 0.9996156692504883, None]]

Ocalan, leader of the Kurdistan Workers Party, or PKK, is serving a life sentence in Turkey for leading a 15-year insurgency against the country that left 37,000 people dead
[[[10, 11], 'Arrest-Jail', 'serving']]
[[(10, 11), 'Declare-Bankruptcy', 'serving', 0.9996576309204102, None], [(17, 18), 'Divorce', 'leading', 0.9995744824409485, None], [(25, 26), 'Meet', 'left', 0.9996484518051147, None]]

He is being tried in Greece in absentia
[[[3, 4], 'Trial-Hearing', 'tried']]
[[(3, 4), 'Declare-Bankruptcy', 'tried', 0.9996719360351562, None]]

Naxakis is one of 13 people on trial for bringing the fugitive guerrilla leader to Greece
[[[9, 10], 'Transport', 'bringing']]
[[(9, 10), 'Transfer-Money', 'bringing', 0.9994893074035645, None]]

The lawyer for a Russian military journalist convicted of treason filed an appeal Wednesday in an effort to overturn the guilty verdict against his client, who was released on parole earlier this year, news agencies reported
[[[27, 28], 'Release-Parole', 'released'], [[7, 8], 'Convict', 'convicted']]
[[(7, 8), 'Transfer-Money', 'convicted', 0.9996242523193359, None], [(10, 11), 'Transfer-Money', 'filed', 0.9995978474617004, None], [(18, 19), 'Transfer-Money', 'overturn', 0.999612033367157, None], [(27, 28), 'Transfer-Money', 'released', 0.9994068145751953, None], [(35, 36), 'Convict', 'reported', 0.99967360496521, None]]

Grigory Pasko's lawyer Genri Reznik filed the appeal with Russian Supreme Court, the Interfax and ITAR-Tass news agencies reported
[]
[[(5, 6), 'Transfer-Money', 'filed', 0.9996317625045776, None], [(18, 19), 'Transfer-Money', 'reported', 0.9994613528251648, None]]

Reznik said he addressed the new appeal directly to Supreme Court Chairman Vyacheslav Lebedev and asked that it not be considered by military judges ``because the military justice system has adopted a biased attitude against Pasko,'' Interfax reported
[]
[[(3, 4), 'Meet', 'addressed', 0.9995378255844116, None], [(15, 16), 'Meet', 'asked', 0.9995855689048767, None], [(20, 21), 'Transfer-Money', 'considered', 0.9995824694633484, None], [(30, 31), 'Meet', 'adopted', 0.9996063113212585, None], [(37, 38), 'Phone-Write', 'reported', 0.9996436834335327, None]]

Pasko, whose sentence included time served, was released in January for good behavior after serving more than two-thirds of the sentence
[[[7, 8], 'Release-Parole', 'released']]
[[(3, 4), 'Transfer-Ownership', 'included', 0.9994643330574036, None], [(5, 6), 'Declare-Bankruptcy', 'served', 0.9995880722999573, None], [(7, 8), 'Declare-Bankruptcy', 'released', 0.9996609687805176, None], [(14, 15), 'Transfer-Money', 'serving', 0.999602735042572, None]]

Reznik said an initial appeal he lodged the day Pasko was freed never reached the presidium of the Supreme Court, according to Interfax
[[[11, 12], 'Release-Parole', 'freed']]
[[(6, 7), 'Demonstrate', 'lodged', 0.9996942281723022, None], [(11, 12), 'Attack', 'freed', 0.9995365142822266, None], [(13, 14), 'Elect', 'reached', 0.9996933937072754, None]]

Pasko was sentenced to four years in prison in December 2001 for illegally attending a meeting of top military commanders and taking notes there
[[[2, 3], 'Sentence', 'sentenced']]
[[(2, 3), 'Declare-Bankruptcy', 'sentenced', 0.9996439218521118, None], [(13, 14), 'Transfer-Money', 'attending', 0.9994857311248779, None], [(21, 22), 'Transfer-Money', 'taking', 0.9995773434638977, None]]

The lawyer said the court's military board had refused to launch proceedings on the appeal
[]
[[(8, 9), 'Transfer-Money', 'refused', 0.9996114373207092, None], [(10, 11), 'Phone-Write', 'launch', 0.9996117949485779, None]]

He asked the court to invalidate the verdict and throw out the criminal case against Pasko, they said
[]
[[(1, 2), 'Transport', 'asked', 0.9993932247161865, None], [(5, 6), 'Transfer-Money', 'invalidate', 0.9996020197868347, None], [(9, 10), 'Phone-Write', 'throw', 0.9995757937431335, None]]

Toujan Faisal, 54, said she was informed of the refusal by an Interior Ministry committee overseeing election preparations
[]
[[(6, 7), 'Transport', 'informed', 0.9993191957473755, None], [(15, 16), 'Injure', 'overseeing', 0.9996156692504883, None]]

The excuse is invalid because I've been convicted on political not criminal grounds, which doesn't violate my right for contesting the elections,'' Faisal told The Associated Press
[[[7, 8], 'Convict', 'convicted']]
[[(7, 8), 'Transport', 'convicted', 0.9996334314346313, None], [(15, 16), 'Meet', 'violate', 0.999562680721283, None], [(19, 20), 'Transport', 'contesting', 0.9994688630104065, None], [(23, 24), 'Transport', 'told', 0.9995397329330444, None]]

She lost her seat in the 1997 election
[[[1, 2], 'Elect', 'lost']]
[[(1, 2), 'Elect', 'lost', 0.9992043375968933, None]]

Jordanian authorities on Monday said Jordan's first female lawmaker was ineligible to run in June 17 parliamentary elections following her conviction last year over publishing information that harmed the government's reputation
[]
[[(12, 13), 'Die', 'run', 0.9995881915092468, None], [(18, 19), 'Transport', 'following', 0.9996273517608643, None], [(24, 25), 'Transport', 'publishing', 0.9994908571243286, None], [(27, 28), 'Transport', 'harmed', 0.9994732737541199, None]]

Faisal was convicted in May 2002 for publishing false and exaggerated information abroad that harmed the government's reputation and dignity
[[[2, 3], 'Convict', 'convicted']]
[[(2, 3), 'Transfer-Money', 'convicted', 0.9996066689491272, None], [(7, 8), 'Transfer-Money', 'publishing', 0.999360978603363, None], [(14, 15), 'Transport', 'harmed', 0.9993927478790283, None]]

She was sentenced to 1{ years in jail
[[[2, 3], 'Sentence', 'sentenced']]
[[(2, 3), 'Transfer-Money', 'sentenced', 0.9996092915534973, None]]

But after spending 40 days in prison, Jordan's King Abdullah II pardoned the former legislator known for her harsh criticism of the state
[[[11, 12], 'Pardon', 'pardoned']]
[[(2, 3), 'Transfer-Money', 'spending', 0.9994997978210449, None], [(11, 12), 'Declare-Bankruptcy', 'pardoned', 0.9996607303619385, None], [(15, 16), 'Meet', 'known', 0.9994378685951233, None]]

Jordan's electoral law bans Jordanians from contesting the polls if they were convicted of any crime, except political, and sentenced to more than one year in jail
[[[12, 13], 'Convict', 'convicted'], [[19, 20], 'Sentence', 'sentenced']]
[[(3, 4), 'Die', 'bans', 0.9996117949485779, None], [(6, 7), 'Elect', 'contesting', 0.9995194673538208, None], [(12, 13), 'Transfer-Money', 'convicted', 0.9996509552001953, None], [(19, 20), 'Merge-Org', 'sentenced', 0.9996708631515503, None]]

Russia has accepted a US$150 million World Bank loan to combat the spread of AIDS and tuberculosis, ending a negotiating process that lasted four years, World Bank officials said Friday
[]
[[(2, 3), 'Phone-Write', 'accepted', 0.9996222257614136, None], [(10, 11), 'Declare-Bankruptcy', 'combat', 0.9996169805526733, None], [(17, 18), 'Transfer-Money', 'ending', 0.9994109869003296, None], [(22, 23), 'Transfer-Money', 'lasted', 0.9991236329078674, None]]

But after drawn-out talks, President Vladimir Putin signed off on the loan, which will take effect this year, the World Bank said
[]
[[(2, 3), 'Transfer-Money', 'drawn', 0.9996008276939392, None], [(7, 8), 'Phone-Write', 'signed', 0.9995321035385132, None], [(14, 15), 'Transfer-Ownership', 'take', 0.9990819692611694, None]]

The World Bank first offered the loan in 1999, but disagreements over treatment kept the project on hold
[]
[[(4, 5), 'Meet', 'offered', 0.9994940757751465, None], [(13, 14), 'Transfer-Money', 'kept', 0.9995248317718506, None]]

Former Danish international Stig Toefting dropped his appeal of an assault conviction and will serve a four-month jail sentence, Denmark's TV2 reported Monday
[]
[[(5, 6), 'Transfer-Money', 'dropped', 0.9994745850563049, None], [(14, 15), 'Transfer-Money', 'serve', 0.9994483590126038, None], [(21, 22), 'Transfer-Money', 'reported', 0.9995542168617249, None]]

He was sentenced to four months in prison, but appealed
[[[2, 3], 'Sentence', 'sentenced'], [[9, 10], 'Appeal', 'appealed']]
[[(2, 3), 'Merge-Org', 'sentenced', 0.9996800422668457, None], [(9, 10), 'Transfer-Money', 'appealed', 0.9995332956314087, None]]

TV2, quoting Toefting's lawyer Anders Nemeth, reported that that 33-year-old midfielder was ready to serve his sentence immediately
[]
[[(1, 2), 'Meet', 'quoting', 0.9994755387306213, None], [(6, 7), 'Transfer-Money', 'reported', 0.9995495676994324, None], [(14, 15), 'Transfer-Money', 'serve', 0.999583899974823, None]]

It was unclear whether Toefting would return to Bolton after serving his sentence
[[[6, 7], 'Start-Position', 'return']]
[[(6, 7), 'Transfer-Ownership', 'return', 0.9995101690292358, None], [(10, 11), 'Transfer-Money', 'serving', 0.999559223651886, None]]

Toefting was convicted in October 2002 of assaulting a pair of restaurant workers during a night out with national squad teammates in the capital, Copenhagen
[[[7, 8], 'Attack', 'assaulting'], [[2, 3], 'Convict', 'convicted']]
[[(2, 3), 'Transfer-Money', 'convicted', 0.9996247291564941, None], [(7, 8), 'End-Org', 'assaulting', 0.9995735287666321, None]]

Earlier this month, Toefting said English Premier League club Bolton let him go so he could prepare for the appeal
[[[12, 13], 'End-Position', 'go']]
[[(10, 11), 'Attack', 'let', 0.9996334314346313, None], [(12, 13), 'Demonstrate', 'go', 0.999477207660675, None], [(16, 17), 'Attack', 'prepare', 0.9993532299995422, None]]

The club said it wasn't aware of Toefting's decision to drop his appeal
[]
[[(10, 11), 'Transfer-Money', 'drop', 0.9995725750923157, None]]

The hearing was scheduled for April 10
[]
[[(3, 4), 'Transfer-Money', 'scheduled', 0.9995751976966858, None]]

Toefting transferred to Bolton in February 2002 from German club Hamburg
[[[1, 2], 'Start-Position', 'transferred'], [[1, 2], 'End-Position', 'transferred']]
[[(1, 2), 'Declare-Bankruptcy', 'transferred', 0.9995013475418091, None]]

Toefting has been convicted before
[[[3, 4], 'Convict', 'convicted']]
[[(3, 4), 'Transfer-Money', 'convicted', 0.9996042847633362, None]]

In 1999 he was given a 20-day suspended sentence for assaulting a fan who berated him for playing with German club Duisburg
[[[10, 11], 'Attack', 'assaulting']]
[[(4, 5), 'Demonstrate', 'given', 0.9995150566101074, None], [(7, 8), 'Merge-Org', 'suspended', 0.99965500831604, None], [(10, 11), 'Transport', 'assaulting', 0.9995465874671936, None], [(14, 15), 'Transport', 'berated', 0.9996013045310974, None], [(17, 18), 'Divorce', 'playing', 0.9995003938674927, None]]

The popular player  _  known for his temperament and the words ``No Regret'' tattooed across his chest  _  retired from Denmark's national team after it was knocked out in the second round of the 2002 World Cup
[[[18, 19], 'End-Position', 'retired']]
[[(4, 5), 'Attack', 'known', 0.999466598033905, None], [(13, 14), 'Marry', 'tattooed', 0.9996235370635986, None], [(18, 19), 'Transport', 'retired', 0.9996455907821655, None], [(26, 27), 'Transport', 'knocked', 0.9988693594932556, None]]

Toefting joined the Danish squad in 1993 and has 41 caps
[[[1, 2], 'Start-Position', 'joined']]
[[(1, 2), 'Pardon', 'joined', 0.9993608593940735, None]]

But others note that trucks were seen carrying the rods out of their normal storage area months ago, and it is unclear where they are _ or even whether the United States is sniffing for the krypton gas in the right place
[[[7, 8], 'Transport', 'carrying']]
[[(2, 3), 'Transfer-Money', 'note', 0.9995194673538208, None], [(6, 7), 'Transfer-Money', 'seen', 0.9995916485786438, None], [(7, 8), 'Declare-Bankruptcy', 'carrying', 0.999665379524231, None], [(33, 34), 'Die', 'sniffing', 0.9995679259300232, None]]

Roh has said any pre-emptive strike against the North's nuclear facilities could prove disastrous
[]
[[(12, 13), 'Meet', 'prove', 0.9994045495986938, None]]

U.S. satellites have been watching North Korean nuclear activity intently since late last year, when the North evicted international inspectors
[[[17, 18], 'Transport', 'evicted']]
[[(4, 5), 'Declare-Bankruptcy', 'watching', 0.9995453953742981, None], [(17, 18), 'Meet', 'evicted', 0.9994993209838867, None]]

Managing director Toyoda, 46, grandson of Kiichiro Toyoda and the eldest son of Toyota honorary chairman Shoichiro Toyoda, will become one of 14 senior managing directors under a streamlined management system set to be introduced after a shareholders' meeting in June, the company said in a statement
[[[19, 20], 'Start-Position', 'become'], [[19, 20], 'End-Position', 'become']]
[[(0, 1), 'Meet', 'Managing', 0.9994871616363525, None], [(19, 20), 'Die', 'become', 0.9995261430740356, None], [(24, 25), 'Phone-Write', 'managing', 0.9995518326759338, None], [(31, 32), 'Phone-Write', 'set', 0.99955815076828, None], [(34, 35), 'Phone-Write', 'introduced', 0.9995450377464294, None]]

Kiichiro Toyoda founded the automaker in 1937, transforming the loom manufacturer started by his father into an automaker
[[[11, 12], 'Start-Org', 'started'], [[2, 3], 'Start-Org', 'founded']]
[[(2, 3), 'Declare-Bankruptcy', 'founded', 0.9989750385284424, None], [(7, 8), 'Meet', 'transforming', 0.9992142915725708, None], [(11, 12), 'Attack', 'started', 0.9993231296539307, None]]

Toyota Motor Corp. said Tuesday it will promote Akio Toyoda, a grandson of the company's founder who is widely viewed as a candidate to some day head Japan's largest automaker
[[[26, 27], 'Start-Position', 'head']]
[[(7, 8), 'Elect', 'promote', 0.9995598196983337, None], [(19, 20), 'Die', 'viewed', 0.9995380640029907, None], [(26, 27), 'Transfer-Money', 'head', 0.9995250701904297, None]]

Toyoda, who joined Toyota, based in Toyota city, central Japan, in 1984, spearheaded the automaker's Internet and telematics business  _  a technology that puts wireless communications into vehicles
[[[2, 3], 'Start-Position', 'joined']]
[[(2, 3), 'Transport', 'joined', 0.9994637370109558, None], [(4, 5), 'Declare-Bankruptcy', 'based', 0.9995797276496887, None], [(12, 13), 'Die', 'spearheaded', 0.9995062351226807, None], [(23, 24), 'Die', 'puts', 0.9995848536491394, None]]

But in such close-quarters fighting, they would lose much of the technological advantage of their air supremacy, which would have to be curtailed because bombing in a city can cause large civilian casualties
[[[24, 25], 'Attack', 'bombing']]
[[(7, 8), 'Demonstrate', 'lose', 0.9990432858467102, None], [(22, 23), 'Meet', 'curtailed', 0.9994567036628723, None]]

Bet`fow Central Command chief Gen. Tommy Franks and his field commanders face a big decision _ whether to rush into the city of 5 million where Hussein's regime has gathered its most-trusted forces or wait and see if the war can be won without paying the price of street-to-street urban fighting
[[[18, 19], 'Transport', 'rush']]
[[(11, 12), 'Fine', 'face', 0.9993482232093811, None], [(18, 19), 'Pardon', 'rush', 0.9992840886116028, None], [(29, 30), 'Be-Born', 'gathered', 0.9995943903923035, None], [(31, 32), 'Die', 'trusted', 0.9996495246887207, None], [(34, 35), 'Transfer-Money', 'wait', 0.9994786381721497, None], [(36, 37), 'Phone-Write', 'see', 0.9994645714759827, None], [(44, 45), 'Be-Born', 'paying', 0.999606192111969, None]]

Having punched through severely depleted Republican Guard divisions that formed Baghdad's outer defensive ring, U.S. Army and Marine forces are likely to pause again to test the Iraqi capital's inner defenses and waall but evaporated under the weight of the U.S. assault
[]
[[(1, 2), 'Declare-Bankruptcy', 'punched', 0.9996106028556824, None], [(4, 5), 'Declare-Bankruptcy', 'depleted', 0.9996519088745117, None], [(9, 10), 'Transfer-Money', 'formed', 0.9995612502098083, None], [(22, 23), 'Transfer-Money', 'pause', 0.9994279742240906, None], [(25, 26), 'Declare-Bankruptcy', 'test', 0.9995380640029907, None], [(34, 35), 'Transfer-Money', 'evaporated', 0.9995583891868591, None]]

We are not expecting to drive into Baghdad suddenly and seize it
[[[5, 6], 'Transport', 'drive']]
[[(3, 4), 'Die', 'expecting', 0.9994539618492126, None], [(5, 6), 'Transfer-Money', 'drive', 0.9989873766899109, None], [(10, 11), 'Transfer-Money', 'seize', 0.9987339377403259, None]]

`We are expectingn or at least planning for, a very difficult fight ahead,'' Gen. Stanley McChrystal said at the Pentagon Tuesday
[]
[[(6, 7), 'Die', 'planning', 0.9995369911193848, None]]

If these patrols meet little opposition, thousands of troops could rush into the city
[[[10, 11], 'Transport', 'rush']]
[[(3, 4), 'Declare-Bankruptcy', 'meet', 0.9996805191040039, None], [(10, 11), 'Phone-Write', 'rush', 0.999170184135437, None]]

If the Iraqis respond forcefully, the Army and Marine units could withdraw and await the 4th Mechanized Infantry Division, which will soon start moving north from Kuwait
[[[23, 24], 'Transport', 'moving']]
[[(3, 4), 'Declare-Bankruptcy', 'respond', 0.9996065497398376, None], [(11, 12), 'Be-Born', 'withdraw', 0.999630331993103, None], [(13, 14), 'Meet', 'await', 0.9995811581611633, None], [(22, 23), 'Sentence', 'start', 0.9996153116226196, None], [(23, 24), 'Meet', 'moving', 0.9993244409561157, None]]

Thousands of refugees have fled the city, apparently providing information to the British that has led to raids on military and Baath Party sites in the city
[[[4, 5], 'Transport', 'fled'], [[17, 18], 'Attack', 'raids']]
[[(4, 5), 'Meet', 'fled', 0.9995742440223694, None], [(8, 9), 'Declare-Bankruptcy', 'providing', 0.9996392726898193, None], [(15, 16), 'Transfer-Money', 'led', 0.999451220035553, None]]

The key endgame may be whether the U.S. can parse out the key regime centers of power in Baghdad and attack them without having to fight into the city, or at least locate them well enough to atman of the Center for Strategic and International Studies said in his daily war report
[[[20, 21], 'Attack', 'attack'], [[25, 26], 'Attack', 'fight']]
[[(9, 10), 'Pardon', 'parse', 0.9995235204696655, None], [(20, 21), 'Transport', 'attack', 0.9989381432533264, None], [(25, 26), 'Marry', 'fight', 0.9995676875114441, None], [(32, 33), 'Elect', 'locate', 0.9995193481445312, None]]

U.S. strategists say that Hussein, if he is still alive and in control of his forces, might like a bloody battle in Baghdad because such fighting could cause heavy U.S. casualties
[]
[[(2, 3), 'Transfer-Money', 'say', 0.9994051456451416, None], [(16, 17), 'Declare-Bankruptcy', 'might', 0.9996084570884705, None], [(17, 18), 'Transfer-Money', 'like', 0.9994943141937256, None]]

His last hope for survival might be that the United States loses its taste for such losses and forces President Bush to negotiate a compromise that would allow Hussein and his family to keep power in Baghdad
[]
[[(11, 12), 'Meet', 'loses', 0.9988391995429993, None], [(22, 23), 'Declare-Bankruptcy', 'negotiate', 0.9996261596679688, None], [(26, 27), 'Transport', 'would', 0.9990094900131226, None], [(27, 28), 'Divorce', 'allow', 0.9995399713516235, None], [(33, 34), 'Declare-Bankruptcy', 'keep', 0.9996296167373657, None]]

While two guard divisions have apparently been smashed, there are three others in the Baghdad area
[[[7, 8], 'Attack', 'smashed']]
[[(7, 8), 'Be-Born', 'smashed', 0.9996548891067505, None]]

`The Republican Guard has taken a massive hammering at every level and is now scattered and deploying somewhat erratically at the brigade level,'' he said
[]
[[(4, 5), 'Meet', 'taken', 0.9994231462478638, None], [(14, 15), 'Marry', 'scattered', 0.9996527433395386, None], [(16, 17), 'Declare-Bankruptcy', 'deploying', 0.9996034502983093, None]]

The Iraqis still haven't used chemical weapons, even though many experts feared such attacks as the U.S. troops neared Baghdad
[]
[[(4, 5), 'Phone-Write', 'used', 0.9995719790458679, None], [(11, 12), 'Die', 'feared', 0.999426007270813, None], [(18, 19), 'Divorce', 'neared', 0.9993786811828613, None]]

Instead of an all-out assault, analysts expect the United States to follow the example of British forces outside the southern Iraqi city of Basra
[]
[[(6, 7), 'Phone-Write', 'expect', 0.9994288086891174, None], [(11, 12), 'Fine', 'follow', 0.9996048808097839, None]]

But he also said, ``He may destroy them to embarrass us,'' to show the world he never had such weapons and that Bush invaded for no reason other than aggression
[[[23, 24], 'Attack', 'invaded']]
[[(6, 7), 'Transfer-Money', 'destroy', 0.9994634985923767, None], [(9, 10), 'Meet', 'embarrass', 0.9992591738700867, None], [(12, 13), 'Transfer-Money', 'show', 0.9994439482688904, None], [(23, 24), 'Merge-Org', 'invaded', 0.9996439218521118, None]]

But there would be lots of casualties on all sides
[]
[]

They are likely to mount small probing patrols into the city to determine the level of Iraqi resistance
[[[4, 5], 'Transport', 'mount']]
[[(4, 5), 'Elect', 'mount', 0.9995715022087097, None], [(6, 7), 'End-Org', 'probing', 0.9996515512466431, None], [(12, 13), 'Transfer-Money', 'determine', 0.9994531273841858, None]]

Before going in (with a full assault), you have to decide if it's worth the risks, and ... you have to know who's there in the way of Iraqi forces and the amount of potential damage to civilians,'' he said
[]
[[(1, 2), 'Transfer-Money', 'going', 0.9994914531707764, None], [(10, 11), 'Meet', 'decide', 0.9994447827339172, None], [(12, 13), 'Demonstrate', "'s", 0.9990057349205017, None], [(21, 22), 'Declare-Bankruptcy', 'know', 0.9995396137237549, None], [(22, 23), 'Declare-Bankruptcy', "'s", 0.9994681477546692, None]]

If U.S. forces seriously degrade Iraq's half-dozen Republican Guard divisions before that final battle, and only have to face perhaps 30,000 Special Republican Guard, fedayeen, and related personnel, the task will not be as hard as it might have been,'' he said
[]
[[(4, 5), 'Phone-Write', 'degrade', 0.9995912909507751, None], [(18, 19), 'Transfer-Money', 'face', 0.9992682337760925, None]]

{'nw': {'TI': {'P': 0.2255892255892256, 'R': 0.2250335871025526, 'F1': 0.22531106378208723}, 'TC': {'P': 0.00718294051627385, 'R': 0.007165248544558889, 'F1': 0.007174083622912229}}}